WARNING: You are currently using Node.js v23.11.0, which is not supported by Hardhat. This can lead to unexpected behavior. See https://hardhat.org/nodejs-versions


Started HTTP and WebSocket JSON-RPC server at http://127.0.0.1:8545/

Accounts
========

WARNING: These accounts, and their private keys, are publicly known.
Any funds sent to them on Mainnet or any other live network WILL BE LOST.

Account #0: 0xf39Fd6e51aad88F6F4ce6aB8827279cffFb92266 (10000 ETH)
Private Key: 0xac0974bec39a17e36ba4a6b4d238ff944bacb478cbed5efcae784d7bf4f2ff80

Account #1: 0x70997970C51812dc3A010C7d01b50e0d17dc79C8 (10000 ETH)
Private Key: 0x59c6995e998f97a5a0044966f0945389dc9e86dae88c7a8412f4603b6b78690d

Account #2: 0x3C44CdDdB6a900fa2b585dd299e03d12FA4293BC (10000 ETH)
Private Key: 0x5de4111afa1a4b94908f83103eb1f1706367c2e68ca870fc3fb9a804cdab365a

Account #3: 0x90F79bf6EB2c4f870365E785982E1f101E93b906 (10000 ETH)
Private Key: 0x7c852118294e51e653712a81e05800f419141751be58f605c371e15141b007a6

Account #4: 0x15d34AAf54267DB7D7c367839AAf71A00a2C6A65 (10000 ETH)
Private Key: 0x47e179ec197488593b187f80a00eb0da91f1b9d0b13f8733639f19c30a34926a

Account #5: 0x9965507D1a55bcC2695C58ba16FB37d819B0A4dc (10000 ETH)
Private Key: 0x8b3a350cf5c34c9194ca85829a2df0ec3153be0318b5e2d3348e872092edffba

Account #6: 0x976EA74026E726554dB657fA54763abd0C3a0aa9 (10000 ETH)
Private Key: 0x92db14e403b83dfe3df233f83dfa3a0d7096f21ca9b0d6d6b8d88b2b4ec1564e

Account #7: 0x14dC79964da2C08b23698B3D3cc7Ca32193d9955 (10000 ETH)
Private Key: 0x4bbbf85ce3377467afe5d46f804f221813b2bb87f24d81f60f1fcdbf7cbf4356

Account #8: 0x23618e81E3f5cdF7f54C3d65f7FBc0aBf5B21E8f (10000 ETH)
Private Key: 0xdbda1821b80551c9d65939329250298aa3472ba22feea921c0cf5d620ea67b97

Account #9: 0xa0Ee7A142d267C1f36714E4a8F75612F20a79720 (10000 ETH)
Private Key: 0x2a871d0798f97d79848a013d4936a73bf4cc922c825d33c1cf7073dff6d409c6

Account #10: 0xBcd4042DE499D14e55001CcbB24a551F3b954096 (10000 ETH)
Private Key: 0xf214f2b2cd398c806f84e317254e0f0b801d0643303237d97a22a48e01628897

Account #11: 0x71bE63f3384f5fb98995898A86B02Fb2426c5788 (10000 ETH)
Private Key: 0x701b615bbdfb9de65240bc28bd21bbc0d996645a3dd57e7b12bc2bdf6f192c82

Account #12: 0xFABB0ac9d68B0B445fB7357272Ff202C5651694a (10000 ETH)
Private Key: 0xa267530f49f8280200edf313ee7af6b827f2a8bce2897751d06a843f644967b1

Account #13: 0x1CBd3b2770909D4e10f157cABC84C7264073C9Ec (10000 ETH)
Private Key: 0x47c99abed3324a2707c28affff1267e45918ec8c3f20b8aa892e8b065d2942dd

Account #14: 0xdF3e18d64BC6A983f673Ab319CCaE4f1a57C7097 (10000 ETH)
Private Key: 0xc526ee95bf44d8fc405a158bb884d9d1238d99f0612e9f33d006bb0789009aaa

Account #15: 0xcd3B766CCDd6AE721141F452C550Ca635964ce71 (10000 ETH)
Private Key: 0x8166f546bab6da521a8369cab06c5d2b9e46670292d85c875ee9ec20e84ffb61

Account #16: 0x2546BcD3c84621e976D8185a91A922aE77ECEc30 (10000 ETH)
Private Key: 0xea6c44ac03bff858b476bba40716402b03e41b8e97e276d1baec7c37d42484a0

Account #17: 0xbDA5747bFD65F08deb54cb465eB87D40e51B197E (10000 ETH)
Private Key: 0x689af8efa8c651a91ad287602527f3af2fe9f6501a7ac4b061667b5a93e037fd

Account #18: 0xdD2FD4581271e230360230F9337D5c0430Bf44C0 (10000 ETH)
Private Key: 0xde9be858da4a475276426320d5e9262ecfc3ba460bfac56360bfa6c4c28b4ee0

Account #19: 0x8626f6940E2eb28930eFb4CeF49B2d1F2C9C1199 (10000 ETH)
Private Key: 0xdf57089febbacf7ba0bc227dafbffa9fc08a93fdc68e1e42411a14efcf23656e

WARNING: These accounts, and their private keys, are publicly known.
Any funds sent to them on Mainnet or any other live network WILL BE LOST.

[32meth_chainId[0m
[32meth_accounts[0m
[32mhardhat_metadata[0m
[32mhardhat_metadata (2)[0m
[32mhardhat_metadata (3)[0m
[32mhardhat_metadata (4)[0m
[32mhardhat_metadata (5)[0m
[32mhardhat_metadata (6)[0m
[32mhardhat_metadata (7)[0m
[32mhardhat_metadata (8)[0m
[32mhardhat_metadata (9)[0m
[32mhardhat_metadata (10)[0m
[32mhardhat_metadata (11)[0m
[32mhardhat_metadata (12)[0m
[32mhardhat_metadata (13)[0m
[32mhardhat_metadata (14)[0m
[32mhardhat_metadata (15)[0m
[32mhardhat_metadata (16)[0m
[32mhardhat_metadata (17)[0m
[32mhardhat_metadata (18)[0m
[32mhardhat_metadata (19)[0m
[32mhardhat_metadata (20)[0m
[32meth_getBalance[0m
[32meth_accounts[0m
[32mhardhat_metadata[0m
[32mhardhat_metadata (2)[0m
[32mhardhat_metadata (3)[0m
[32mhardhat_metadata (4)[0m
[32mhardhat_metadata (5)[0m
[32mhardhat_metadata (6)[0m
[32mhardhat_metadata (7)[0m
[32mhardhat_metadata (8)[0m
[32mhardhat_metadata (9)[0m
[32mhardhat_metadata (10)[0m
[32mhardhat_metadata (11)[0m
[32mhardhat_metadata (12)[0m
[32mhardhat_metadata (13)[0m
[32mhardhat_metadata (14)[0m
[32mhardhat_metadata (15)[0m
[32mhardhat_metadata (16)[0m
[32mhardhat_metadata (17)[0m
[32mhardhat_metadata (18)[0m
[32mhardhat_metadata (19)[0m
[32mhardhat_metadata (20)[0m
[32meth_blockNumber[0m
[32meth_getBlockByNumber[0m
[32meth_feeHistory[0m
[32meth_maxPriorityFeePerGas[0m
[32meth_sendTransaction[0m
  Contract deployment: ProductionOracle
  Contract address:    0x5fbdb2315678afecb367f032d93f642f64180aa3
  Transaction:         0x8fa3fad95a87f3f9eb52d05e55c0d75facce147ad09a4e33239160f95072df72
  From:                0xf39fd6e51aad88f6f4ce6ab8827279cfffb92266
  Value:               0 ETH
  Gas used:            2118446 of 30000000
  Block #1:            0x87f7ea626cac42bc359b3dd3dfce5d024a33ffb9ce7b2c444822ed078e36702e

[32meth_getTransactionByHash[0m
[32meth_getTransactionReceipt[0m
[32meth_accounts[0m
[32mhardhat_metadata[0m
[32mhardhat_metadata (2)[0m
[32mhardhat_metadata (3)[0m
[32mhardhat_metadata (4)[0m
[32mhardhat_metadata (5)[0m
[32mhardhat_metadata (6)[0m
[32mhardhat_metadata (7)[0m
[32mhardhat_metadata (8)[0m
[32mhardhat_metadata (9)[0m
[32mhardhat_metadata (10)[0m
[32mhardhat_metadata (11)[0m
[32mhardhat_metadata (12)[0m
[32mhardhat_metadata (13)[0m
[32mhardhat_metadata (14)[0m
[32mhardhat_metadata (15)[0m
[32mhardhat_metadata (16)[0m
[32mhardhat_metadata (17)[0m
[32mhardhat_metadata (18)[0m
[32mhardhat_metadata (19)[0m
[32mhardhat_metadata (20)[0m
[32meth_blockNumber[0m
[32meth_feeHistory[0m
[32meth_sendTransaction[0m
  Contract deployment: HydrogenCreditV2
  Contract address:    0xe7f1725e7734ce288f8367e1bb143e90bb3f0512
  Transaction:         0x1e8007dcfd6920d25893a15c07c7fc408b07798587853836114c358db590aa21
  From:                0xf39fd6e51aad88f6f4ce6ab8827279cfffb92266
  Value:               0 ETH
  Gas used:            3129579 of 30000000
  Block #2:            0xceaf919dc6f633795b99adf1b56410c8c0069895403d0c6be062330ad8d833ee

[32meth_getTransactionByHash[0m
[32meth_getTransactionReceipt[0m
[32meth_accounts[0m
[32mhardhat_metadata[0m
[32mhardhat_metadata (2)[0m
[32mhardhat_metadata (3)[0m
[32mhardhat_metadata (4)[0m
[32mhardhat_metadata (5)[0m
[32mhardhat_metadata (6)[0m
[32mhardhat_metadata (7)[0m
[32mhardhat_metadata (8)[0m
[32mhardhat_metadata (9)[0m
[32mhardhat_metadata (10)[0m
[32mhardhat_metadata (11)[0m
[32mhardhat_metadata (12)[0m
[32mhardhat_metadata (13)[0m
[32mhardhat_metadata (14)[0m
[32mhardhat_metadata (15)[0m
[32mhardhat_metadata (16)[0m
[32mhardhat_metadata (17)[0m
[32mhardhat_metadata (18)[0m
[32mhardhat_metadata (19)[0m
[32mhardhat_metadata (20)[0m
[32meth_blockNumber[0m
[32meth_feeHistory[0m
[32meth_sendTransaction[0m
  Contract deployment: HydrogenCreditMarketplace
  Contract address:    0x9fe46736679d2d9a65f0992f2272de9f3c7fa6e0
  Transaction:         0xa820992d478a94bba17800ce3eb9c6f80b9a719f103abf809643b89b813b3b06
  From:                0xf39fd6e51aad88f6f4ce6ab8827279cfffb92266
  Value:               0 ETH
  Gas used:            1736347 of 30000000
  Block #3:            0xa9c6f3fcf6665e9b7cbdb7c78bca5ad9c322fda7b027fd24f889e6d876d94591

[32meth_getTransactionByHash[0m
[32meth_getTransactionReceipt[0m
[32meth_accounts[0m
[32mhardhat_metadata[0m
[32mhardhat_metadata (2)[0m
[32mhardhat_metadata (3)[0m
[32mhardhat_metadata (4)[0m
[32mhardhat_metadata (5)[0m
[32mhardhat_metadata (6)[0m
[32mhardhat_metadata (7)[0m
[32mhardhat_metadata (8)[0m
[32mhardhat_metadata (9)[0m
[32mhardhat_metadata (10)[0m
[32mhardhat_metadata (11)[0m
[32mhardhat_metadata (12)[0m
[32mhardhat_metadata (13)[0m
[32mhardhat_metadata (14)[0m
[32mhardhat_metadata (15)[0m
[32mhardhat_metadata (16)[0m
[32mhardhat_metadata (17)[0m
[32mhardhat_metadata (18)[0m
[32mhardhat_metadata (19)[0m
[32mhardhat_metadata (20)[0m
[32meth_blockNumber[0m
[32meth_feeHistory[0m
[32meth_sendTransaction[0m
  Contract call:       ProductionOracle#addVerifier
  Transaction:         0xede1ff15320413b5be2fa01ab3e31fa39efe83f1e9546f2952317a6688677966
  From:                0xf39fd6e51aad88f6f4ce6ab8827279cfffb92266
  To:                  0x5fbdb2315678afecb367f032d93f642f64180aa3
  Value:               0 ETH
  Gas used:            231352 of 30000000
  Block #4:            0xb830959aa43b5da2c781e9d61236ff73335a8ae23044feab0a9c7561ddb7fc34

[32meth_getTransactionByHash[0m
[32meth_blockNumber[0m
[32meth_feeHistory[0m
[32meth_sendTransaction[0m
  Contract call:       ProductionOracle#addVerifier
  Transaction:         0xa4e126f9416be84afdbb73c1811e543de7c7e83e3d0ca42b1bddfbdb1f13a15e
  From:                0xf39fd6e51aad88f6f4ce6ab8827279cfffb92266
  To:                  0x5fbdb2315678afecb367f032d93f642f64180aa3
  Value:               0 ETH
  Gas used:            191934 of 30000000
  Block #5:            0xe82d0ce111110a24ee7d86caa9ab3722f1a7eb78185e28ba1d16c54060f75141

[32meth_getTransactionByHash[0m
[32meth_accounts[0m
[32mhardhat_metadata[0m
[32mhardhat_metadata (2)[0m
[32mhardhat_metadata (3)[0m
[32mhardhat_metadata (4)[0m
[32mhardhat_metadata (5)[0m
[32mhardhat_metadata (6)[0m
[32mhardhat_metadata (7)[0m
[32mhardhat_metadata (8)[0m
[32mhardhat_metadata (9)[0m
[32mhardhat_metadata (10)[0m
[32mhardhat_metadata (11)[0m
[32mhardhat_metadata (12)[0m
[32mhardhat_metadata (13)[0m
[32mhardhat_metadata (14)[0m
[32mhardhat_metadata (15)[0m
[32mhardhat_metadata (16)[0m
[32mhardhat_metadata (17)[0m
[32mhardhat_metadata (18)[0m
[32mhardhat_metadata (19)[0m
[32mhardhat_metadata (20)[0m
[32meth_blockNumber[0m
[32meth_feeHistory[0m
[32meth_sendTransaction[0m
  Contract call:       HydrogenCreditV2#registerProducer
  Transaction:         0x0d1ec2914f8f8462a256ae0691278e7b17febb0bc5bce31c5fedd9a11332eda1
  From:                0xf39fd6e51aad88f6f4ce6ab8827279cfffb92266
  To:                  0xe7f1725e7734ce288f8367e1bb143e90bb3f0512
  Value:               0 ETH
  Gas used:            236570 of 30000000
  Block #6:            0xb6e373bb09f26c7a4f0fc1e894564348ac6b8356fe816e571810e0667ac4ab49

[32meth_getTransactionByHash[0m
[32meth_blockNumber[0m
[32meth_feeHistory[0m
[32meth_sendTransaction[0m
  Contract call:       HydrogenCreditV2#setProducerVerification
  Transaction:         0x5a08b9122d2e0ff8e130d972d0c4f7ddc0e919d77e9e80ecd7b3a8773c723457
  From:                0xf39fd6e51aad88f6f4ce6ab8827279cfffb92266
  To:                  0xe7f1725e7734ce288f8367e1bb143e90bb3f0512
  Value:               0 ETH
  Gas used:            29531 of 30000000
  Block #7:            0x69f5bb24b9dfb9ba6adc46f28a77070b68a7fcc58dd1e2d92d6bb391e908551f

[32meth_getTransactionByHash[0m
[32meth_blockNumber[0m
[32meth_feeHistory[0m
[32meth_sendTransaction[0m
  Contract call:       HydrogenCreditV2#registerProducer
  Transaction:         0xb0a6cfd98127304765f07a2781db1eb270cd3daffc88d58890130d43e372358d
  From:                0xf39fd6e51aad88f6f4ce6ab8827279cfffb92266
  To:                  0xe7f1725e7734ce288f8367e1bb143e90bb3f0512
  Value:               0 ETH
  Gas used:            219446 of 30000000
  Block #8:            0xfd62dd3d2cdddf510d8b15ea53d73e1367d032a4739c0a879d47379baa3ab59b

[32meth_getTransactionByHash[0m
[32meth_blockNumber[0m
[32meth_feeHistory[0m
[32meth_sendTransaction[0m
  Contract call:       HydrogenCreditV2#setProducerVerification
  Transaction:         0xe2bd4b49bf011248dd6fd946b93df2b5208cbd72a5a355daafa8de1a3249ecb5
  From:                0xf39fd6e51aad88f6f4ce6ab8827279cfffb92266
  To:                  0xe7f1725e7734ce288f8367e1bb143e90bb3f0512
  Value:               0 ETH
  Gas used:            29531 of 30000000
  Block #9:            0xf8b3f25c26d5eec05deac20bd0a991ad1b2bba10b836214c3762f0ad74fdf706

[32meth_getTransactionByHash[0m
[32meth_call[0m
  Contract call:       ProductionOracle#getActiveVerifiers
  From:                0xf39fd6e51aad88f6f4ce6ab8827279cfffb92266
  To:                  0x5fbdb2315678afecb367f032d93f642f64180aa3

[32meth_call[0m
  Contract call:       HydrogenCreditV2#name
  From:                0xf39fd6e51aad88f6f4ce6ab8827279cfffb92266
  To:                  0xe7f1725e7734ce288f8367e1bb143e90bb3f0512

[32meth_call[0m
  Contract call:       HydrogenCreditV2#symbol
  From:                0xf39fd6e51aad88f6f4ce6ab8827279cfffb92266
  To:                  0xe7f1725e7734ce288f8367e1bb143e90bb3f0512

[32meth_call[0m
  Contract call:       HydrogenCreditV2#owner
  From:                0xf39fd6e51aad88f6f4ce6ab8827279cfffb92266
  To:                  0xe7f1725e7734ce288f8367e1bb143e90bb3f0512

[32meth_call[0m
  Contract call:       HydrogenCreditV2#getContractStats
  From:                0xf39fd6e51aad88f6f4ce6ab8827279cfffb92266
  To:                  0xe7f1725e7734ce288f8367e1bb143e90bb3f0512

[32meth_chainId[0m
[32meth_accounts[0m
[32mhardhat_metadata[0m
[32mhardhat_metadata (2)[0m
[32mhardhat_metadata (3)[0m
[32mhardhat_metadata (4)[0m
[32mhardhat_metadata (5)[0m
[32mhardhat_metadata (6)[0m
[32mhardhat_metadata (7)[0m
[32mhardhat_metadata (8)[0m
[32mhardhat_metadata (9)[0m
[32mhardhat_metadata (10)[0m
[32mhardhat_metadata (11)[0m
[32mhardhat_metadata (12)[0m
[32mhardhat_metadata (13)[0m
[32mhardhat_metadata (14)[0m
[32mhardhat_metadata (15)[0m
[32mhardhat_metadata (16)[0m
[32mhardhat_metadata (17)[0m
[32mhardhat_metadata (18)[0m
[32mhardhat_metadata (19)[0m
[32mhardhat_metadata (20)[0m
[32meth_accounts[0m
[32mhardhat_metadata[0m
[32mhardhat_metadata (2)[0m
[32mhardhat_metadata (3)[0m
[32mhardhat_metadata (4)[0m
[32mhardhat_metadata (5)[0m
[32mhardhat_metadata (6)[0m
[32mhardhat_metadata (7)[0m
[32mhardhat_metadata (8)[0m
[32mhardhat_metadata (9)[0m
[32mhardhat_metadata (10)[0m
[32mhardhat_metadata (11)[0m
[32mhardhat_metadata (12)[0m
[32mhardhat_metadata (13)[0m
[32mhardhat_metadata (14)[0m
[32mhardhat_metadata (15)[0m
[32mhardhat_metadata (16)[0m
[32mhardhat_metadata (17)[0m
[32mhardhat_metadata (18)[0m
[32mhardhat_metadata (19)[0m
[32mhardhat_metadata (20)[0m
[32meth_accounts[0m
[32mhardhat_metadata[0m
[32mhardhat_metadata (2)[0m
[32mhardhat_metadata (3)[0m
[32mhardhat_metadata (4)[0m
[32mhardhat_metadata (5)[0m
[32mhardhat_metadata (6)[0m
[32mhardhat_metadata (7)[0m
[32mhardhat_metadata (8)[0m
[32mhardhat_metadata (9)[0m
[32mhardhat_metadata (10)[0m
[32mhardhat_metadata (11)[0m
[32mhardhat_metadata (12)[0m
[32mhardhat_metadata (13)[0m
[32mhardhat_metadata (14)[0m
[32mhardhat_metadata (15)[0m
[32mhardhat_metadata (16)[0m
[32mhardhat_metadata (17)[0m
[32mhardhat_metadata (18)[0m
[32mhardhat_metadata (19)[0m
[32mhardhat_metadata (20)[0m
[32meth_blockNumber[0m
[32meth_getBlockByNumber[0m
[32meth_feeHistory[0m
[32meth_sendTransaction[0m
  Contract call:       ProductionOracle#submitProductionData
  Transaction:         0x36aa7db348137f55aa8285145b08f3d1f474769d890212d9745824dc3d292f62
  From:                0x90f79bf6eb2c4f870365e785982e1f101e93b906
  To:                  0x5fbdb2315678afecb367f032d93f642f64180aa3
  Value:               0.1 ETH
  Gas used:            286324 of 30000000
  Block #10:           0x159373005a28105cf6c773ff0582499a0d37d7cd3b3b44440f8005d858d0fc59

[32meth_getTransactionByHash[0m
[32meth_getTransactionReceipt[0m
[32meth_blockNumber[0m
[32meth_feeHistory[0m
[32meth_sendTransaction[0m
  Contract call:       ProductionOracle#verifyProductionData
  Transaction:         0x37d2716c3651aee61841e2adb2e863c2e6b40f4c3428f61503b34b275906ce1c
  From:                0x70997970c51812dc3a010c7d01b50e0d17dc79c8
  To:                  0x5fbdb2315678afecb367f032d93f642f64180aa3
  Value:               0 ETH
  Gas used:            93822 of 30000000
  Block #11:           0x9da5f5aa053d788028fe76dd720b47afff48b44f044e0d4fce6695a446a804d6

[32meth_getTransactionByHash[0m
[32meth_getTransactionReceipt[0m
[32meth_call[0m
  Contract call:       HydrogenCreditV2#balanceOf
  From:                0xf39fd6e51aad88f6f4ce6ab8827279cfffb92266
  To:                  0xe7f1725e7734ce288f8367e1bb143e90bb3f0512

[32meth_blockNumber[0m
[32meth_feeHistory[0m
[32meth_sendTransaction[0m
  Contract call:       HydrogenCreditV2#issueCreditsFromVerification
  Transaction:         0x292d04051bcf0b41c7b530ef2f8912beaab694eef981847f5b7287538a5f46f7
  From:                0xf39fd6e51aad88f6f4ce6ab8827279cfffb92266
  To:                  0xe7f1725e7734ce288f8367e1bb143e90bb3f0512
  Value:               0 ETH
  Gas used:            429134 of 30000000
  Block #12:           0x54e60ef98db71bd9a276b82bca017b7b435e17b4acc547717fa2c099fb9c95fe

[32meth_getTransactionByHash[0m
[32meth_getTransactionReceipt[0m
[32meth_call[0m
  Contract call:       HydrogenCreditV2#balanceOf
  From:                0xf39fd6e51aad88f6f4ce6ab8827279cfffb92266
  To:                  0xe7f1725e7734ce288f8367e1bb143e90bb3f0512

[32meth_call[0m
  Contract call:       HydrogenCreditV2#getProducer
  From:                0xf39fd6e51aad88f6f4ce6ab8827279cfffb92266
  To:                  0xe7f1725e7734ce288f8367e1bb143e90bb3f0512

[32meth_call[0m
  Contract call:       HydrogenCreditV2#getRemainingMonthlyCapacity
  From:                0xf39fd6e51aad88f6f4ce6ab8827279cfffb92266
  To:                  0xe7f1725e7734ce288f8367e1bb143e90bb3f0512

[32meth_blockNumber[0m
[32meth_feeHistory[0m
[32meth_sendTransaction[0m
  Contract call:       ProductionOracle#submitProductionData
  Transaction:         0x3c2a7172c25002a32ce28b2fcb57569f86182abd19a75126a6605df83454c02f
  From:                0x15d34aaf54267db7d7c367839aaf71a00a2c6a65
  To:                  0x5fbdb2315678afecb367f032d93f642f64180aa3
  Value:               0.1 ETH
  Gas used:            286312 of 30000000
  Block #13:           0xcd53c9d666841739aad2ac0986a8fe198b37a946c131aba4e41a6884623cb06e

[32meth_getTransactionByHash[0m
[32meth_getTransactionReceipt[0m
[32meth_blockNumber[0m
[32meth_feeHistory[0m
[32meth_sendTransaction[0m
  Contract call:       ProductionOracle#verifyProductionData
  Transaction:         0xec97d899a838e9f9d55ec8b1b1594416e25b341765165e5ee82b66ea7daa5ba7
  From:                0x3c44cdddb6a900fa2b585dd299e03d12fa4293bc
  To:                  0x5fbdb2315678afecb367f032d93f642f64180aa3
  Value:               0 ETH
  Gas used:            64825 of 30000000
  Block #14:           0x6163528c6c4c8d2780e236fb0bd227e5de7f9d68755f2b0577e466c506060ad1

[32meth_getTransactionByHash[0m
[32meth_getTransactionReceipt[0m
[32meth_blockNumber[0m
[32meth_feeHistory[0m
[31meth_sendTransaction[0m
  Contract call:       HydrogenCreditV2#issueCreditsFromVerification
  Transaction:         0x08b1fd19b7328d8edb7555e25bea180dad8c3767501e84da9d503478a7a1fa5f
  From:                0xf39fd6e51aad88f6f4ce6ab8827279cfffb92266
  To:                  0xe7f1725e7734ce288f8367e1bb143e90bb3f0512
  Value:               0 ETH
  Gas used:            39206 of 30000000
  Block #15:           0xa8809af89938c021de131f218c486f9071232a8500de531b48e5e80d73f9e795

  Error: reverted with reason string 'Production not verified'

[32meth_call[0m
  Contract call:       ProductionOracle#getActiveVerifiers
  From:                0xf39fd6e51aad88f6f4ce6ab8827279cfffb92266
  To:                  0x5fbdb2315678afecb367f032d93f642f64180aa3

[32meth_call[0m
  Contract call:       ProductionOracle#getPendingVerifications
  From:                0xf39fd6e51aad88f6f4ce6ab8827279cfffb92266
  To:                  0x5fbdb2315678afecb367f032d93f642f64180aa3

[32meth_call[0m
  Contract call:       ProductionOracle#getActiveVerifiers
  From:                0xf39fd6e51aad88f6f4ce6ab8827279cfffb92266
  To:                  0x5fbdb2315678afecb367f032d93f642f64180aa3

[32meth_call[0m
  Contract call:       ProductionOracle#getProducerSubmissions
  From:                0xf39fd6e51aad88f6f4ce6ab8827279cfffb92266
  To:                  0x5fbdb2315678afecb367f032d93f642f64180aa3

[32meth_call[0m
  Contract call:       ProductionOracle#getProducerSubmissions
  From:                0xf39fd6e51aad88f6f4ce6ab8827279cfffb92266
  To:                  0x5fbdb2315678afecb367f032d93f642f64180aa3

[32meth_call[0m
  Contract call:       HydrogenCreditV2#getContractStats
  From:                0xf39fd6e51aad88f6f4ce6ab8827279cfffb92266
  To:                  0xe7f1725e7734ce288f8367e1bb143e90bb3f0512

[32meth_blockNumber[0m
[32meth_feeHistory[0m
[32meth_sendTransaction[0m
  Contract call:       HydrogenCreditV2#retireCredits
  Transaction:         0x0c9ef8afaadcc835499696d503edb4ce356d771ce0cf970e9f20f09cf1247444
  From:                0x90f79bf6eb2c4f870365e785982e1f101e93b906
  To:                  0xe7f1725e7734ce288f8367e1bb143e90bb3f0512
  Value:               0 ETH
  Gas used:            87819 of 30000000
  Block #16:           0xaeae208e442e15f80814ad744633f13dd63ba8559dc1b09abe0a0b0c384155e6

[32meth_getTransactionByHash[0m
[32meth_getTransactionReceipt[0m
[32meth_call[0m
  Contract call:       HydrogenCreditV2#balanceOf
  From:                0xf39fd6e51aad88f6f4ce6ab8827279cfffb92266
  To:                  0xe7f1725e7734ce288f8367e1bb143e90bb3f0512

[32meth_call[0m
  Contract call:       HydrogenCreditV2#retiredCredits
  From:                0xf39fd6e51aad88f6f4ce6ab8827279cfffb92266
  To:                  0xe7f1725e7734ce288f8367e1bb143e90bb3f0512

[32meth_accounts[0m
[32meth_accounts (2)[0m
[32meth_accounts (3)[0m
[32meth_accounts (4)[0m
[32meth_accounts (5)[0m
[32meth_accounts (6)[0m
[32meth_call[0m
  WARNING: Calling an account which is not a contract
  From:                0xf39fd6e51aad88f6f4ce6ab8827279cfffb92266
  To:                  0x322813fd9a801c5507c9de605d63cea4f2ce6c44

[32meth_call[0m
  WARNING: Calling an account which is not a contract
  From:                0xf39fd6e51aad88f6f4ce6ab8827279cfffb92266
  To:                  0x322813fd9a801c5507c9de605d63cea4f2ce6c44

[32meth_call[0m
  WARNING: Calling an account which is not a contract
  From:                0xf39fd6e51aad88f6f4ce6ab8827279cfffb92266
  To:                  0x322813fd9a801c5507c9de605d63cea4f2ce6c44

[32meth_call[0m
  WARNING: Calling an account which is not a contract
  From:                0xf39fd6e51aad88f6f4ce6ab8827279cfffb92266
  To:                  0x322813fd9a801c5507c9de605d63cea4f2ce6c44

[32meth_call[0m
  WARNING: Calling an account which is not a contract
  From:                0xf39fd6e51aad88f6f4ce6ab8827279cfffb92266
  To:                  0x322813fd9a801c5507c9de605d63cea4f2ce6c44

[32meth_call[0m
  WARNING: Calling an account which is not a contract
  From:                0xf39fd6e51aad88f6f4ce6ab8827279cfffb92266
  To:                  0x322813fd9a801c5507c9de605d63cea4f2ce6c44

[32meth_blockNumber[0m
[32meth_call[0m
  WARNING: Calling an account which is not a contract
  From:                0xf39fd6e51aad88f6f4ce6ab8827279cfffb92266
  To:                  0x322813fd9a801c5507c9de605d63cea4f2ce6c44

[32meth_call[0m
  WARNING: Calling an account which is not a contract
  From:                0xf39fd6e51aad88f6f4ce6ab8827279cfffb92266
  To:                  0x322813fd9a801c5507c9de605d63cea4f2ce6c44

[32meth_call[0m
  WARNING: Calling an account which is not a contract
  From:                0xf39fd6e51aad88f6f4ce6ab8827279cfffb92266
  To:                  0x322813fd9a801c5507c9de605d63cea4f2ce6c44

[32meth_call[0m
  WARNING: Calling an account which is not a contract
  From:                0xf39fd6e51aad88f6f4ce6ab8827279cfffb92266
  To:                  0xa85233c63b9ee964add6f2cffe00fd84eb32338f

[32meth_call[0m
  WARNING: Calling an account which is not a contract
  From:                0xf39fd6e51aad88f6f4ce6ab8827279cfffb92266
  To:                  0x322813fd9a801c5507c9de605d63cea4f2ce6c44

[32meth_call[0m
  WARNING: Calling an account which is not a contract
  From:                0xf39fd6e51aad88f6f4ce6ab8827279cfffb92266
  To:                  0x322813fd9a801c5507c9de605d63cea4f2ce6c44

[32meth_call[0m
  WARNING: Calling an account which is not a contract
  From:                0xf39fd6e51aad88f6f4ce6ab8827279cfffb92266
  To:                  0x322813fd9a801c5507c9de605d63cea4f2ce6c44

[32meth_call[0m
  WARNING: Calling an account which is not a contract
  From:                0xf39fd6e51aad88f6f4ce6ab8827279cfffb92266
  To:                  0x322813fd9a801c5507c9de605d63cea4f2ce6c44

[32meth_call[0m
  WARNING: Calling an account which is not a contract
  From:                0xf39fd6e51aad88f6f4ce6ab8827279cfffb92266
  To:                  0x322813fd9a801c5507c9de605d63cea4f2ce6c44

[32meth_call[0m
  WARNING: Calling an account which is not a contract
  From:                0xf39fd6e51aad88f6f4ce6ab8827279cfffb92266
  To:                  0x322813fd9a801c5507c9de605d63cea4f2ce6c44

[32meth_call[0m
  WARNING: Calling an account which is not a contract
  From:                0xf39fd6e51aad88f6f4ce6ab8827279cfffb92266
  To:                  0x322813fd9a801c5507c9de605d63cea4f2ce6c44

[32meth_call[0m
  WARNING: Calling an account which is not a contract
  From:                0xf39fd6e51aad88f6f4ce6ab8827279cfffb92266
  To:                  0x322813fd9a801c5507c9de605d63cea4f2ce6c44

[32meth_call[0m
  WARNING: Calling an account which is not a contract
  From:                0xf39fd6e51aad88f6f4ce6ab8827279cfffb92266
  To:                  0x322813fd9a801c5507c9de605d63cea4f2ce6c44

[32meth_call[0m
  WARNING: Calling an account which is not a contract
  From:                0xf39fd6e51aad88f6f4ce6ab8827279cfffb92266
  To:                  0xa85233c63b9ee964add6f2cffe00fd84eb32338f

[32meth_call[0m
  WARNING: Calling an account which is not a contract
  From:                0xf39fd6e51aad88f6f4ce6ab8827279cfffb92266
  To:                  0xa85233c63b9ee964add6f2cffe00fd84eb32338f

[32meth_call[0m
  WARNING: Calling an account which is not a contract
  From:                0xf39fd6e51aad88f6f4ce6ab8827279cfffb92266
  To:                  0xa85233c63b9ee964add6f2cffe00fd84eb32338f

[32meth_call[0m
  WARNING: Calling an account which is not a contract
  From:                0xf39fd6e51aad88f6f4ce6ab8827279cfffb92266
  To:                  0x322813fd9a801c5507c9de605d63cea4f2ce6c44

[32meth_call[0m
  WARNING: Calling an account which is not a contract
  From:                0xf39fd6e51aad88f6f4ce6ab8827279cfffb92266
  To:                  0x322813fd9a801c5507c9de605d63cea4f2ce6c44

[32meth_call[0m
  WARNING: Calling an account which is not a contract
  From:                0xf39fd6e51aad88f6f4ce6ab8827279cfffb92266
  To:                  0x322813fd9a801c5507c9de605d63cea4f2ce6c44

[32meth_call[0m
  WARNING: Calling an account which is not a contract
  From:                0xf39fd6e51aad88f6f4ce6ab8827279cfffb92266
  To:                  0x322813fd9a801c5507c9de605d63cea4f2ce6c44

[32meth_call[0m
  WARNING: Calling an account which is not a contract
  From:                0xf39fd6e51aad88f6f4ce6ab8827279cfffb92266
  To:                  0x322813fd9a801c5507c9de605d63cea4f2ce6c44

[32meth_call[0m
  WARNING: Calling an account which is not a contract
  From:                0xf39fd6e51aad88f6f4ce6ab8827279cfffb92266
  To:                  0x322813fd9a801c5507c9de605d63cea4f2ce6c44

[32meth_call[0m
  WARNING: Calling an account which is not a contract
  From:                0xf39fd6e51aad88f6f4ce6ab8827279cfffb92266
  To:                  0x322813fd9a801c5507c9de605d63cea4f2ce6c44

[32meth_call[0m
  WARNING: Calling an account which is not a contract
  From:                0xf39fd6e51aad88f6f4ce6ab8827279cfffb92266
  To:                  0x322813fd9a801c5507c9de605d63cea4f2ce6c44

[32meth_call[0m
  WARNING: Calling an account which is not a contract
  From:                0xf39fd6e51aad88f6f4ce6ab8827279cfffb92266
  To:                  0x322813fd9a801c5507c9de605d63cea4f2ce6c44

[32meth_call[0m
  WARNING: Calling an account which is not a contract
  From:                0xf39fd6e51aad88f6f4ce6ab8827279cfffb92266
  To:                  0xa85233c63b9ee964add6f2cffe00fd84eb32338f

[32meth_call[0m
  WARNING: Calling an account which is not a contract
  From:                0xf39fd6e51aad88f6f4ce6ab8827279cfffb92266
  To:                  0xa85233c63b9ee964add6f2cffe00fd84eb32338f

[32meth_call[0m
  WARNING: Calling an account which is not a contract
  From:                0xf39fd6e51aad88f6f4ce6ab8827279cfffb92266
  To:                  0xa85233c63b9ee964add6f2cffe00fd84eb32338f

[32meth_call[0m
  WARNING: Calling an account which is not a contract
  From:                0xf39fd6e51aad88f6f4ce6ab8827279cfffb92266
  To:                  0x322813fd9a801c5507c9de605d63cea4f2ce6c44

[32meth_call[0m
  WARNING: Calling an account which is not a contract
  From:                0xf39fd6e51aad88f6f4ce6ab8827279cfffb92266
  To:                  0x322813fd9a801c5507c9de605d63cea4f2ce6c44

[32meth_call[0m
  WARNING: Calling an account which is not a contract
  From:                0xf39fd6e51aad88f6f4ce6ab8827279cfffb92266
  To:                  0x322813fd9a801c5507c9de605d63cea4f2ce6c44

[32meth_call[0m
  WARNING: Calling an account which is not a contract
  From:                0xf39fd6e51aad88f6f4ce6ab8827279cfffb92266
  To:                  0x322813fd9a801c5507c9de605d63cea4f2ce6c44

[32meth_call[0m
  WARNING: Calling an account which is not a contract
  From:                0xf39fd6e51aad88f6f4ce6ab8827279cfffb92266
  To:                  0x322813fd9a801c5507c9de605d63cea4f2ce6c44

[32meth_call[0m
  WARNING: Calling an account which is not a contract
  From:                0xf39fd6e51aad88f6f4ce6ab8827279cfffb92266
  To:                  0x322813fd9a801c5507c9de605d63cea4f2ce6c44

[32meth_call[0m
  WARNING: Calling an account which is not a contract
  From:                0xf39fd6e51aad88f6f4ce6ab8827279cfffb92266
  To:                  0x322813fd9a801c5507c9de605d63cea4f2ce6c44

[32meth_call[0m
  WARNING: Calling an account which is not a contract
  From:                0xf39fd6e51aad88f6f4ce6ab8827279cfffb92266
  To:                  0x322813fd9a801c5507c9de605d63cea4f2ce6c44

[32meth_call[0m
  WARNING: Calling an account which is not a contract
  From:                0xf39fd6e51aad88f6f4ce6ab8827279cfffb92266
  To:                  0x322813fd9a801c5507c9de605d63cea4f2ce6c44

[32meth_call[0m
  WARNING: Calling an account which is not a contract
  From:                0xf39fd6e51aad88f6f4ce6ab8827279cfffb92266
  To:                  0xa85233c63b9ee964add6f2cffe00fd84eb32338f

[32meth_call[0m
  WARNING: Calling an account which is not a contract
  From:                0xf39fd6e51aad88f6f4ce6ab8827279cfffb92266
  To:                  0xa85233c63b9ee964add6f2cffe00fd84eb32338f

[32meth_call[0m
  WARNING: Calling an account which is not a contract
  From:                0xf39fd6e51aad88f6f4ce6ab8827279cfffb92266
  To:                  0xa85233c63b9ee964add6f2cffe00fd84eb32338f

[32meth_call[0m
  WARNING: Calling an account which is not a contract
  From:                0xf39fd6e51aad88f6f4ce6ab8827279cfffb92266
  To:                  0x322813fd9a801c5507c9de605d63cea4f2ce6c44

[32meth_call[0m
  WARNING: Calling an account which is not a contract
  From:                0xf39fd6e51aad88f6f4ce6ab8827279cfffb92266
  To:                  0x322813fd9a801c5507c9de605d63cea4f2ce6c44

[32meth_call[0m
  WARNING: Calling an account which is not a contract
  From:                0xf39fd6e51aad88f6f4ce6ab8827279cfffb92266
  To:                  0x322813fd9a801c5507c9de605d63cea4f2ce6c44

[32meth_call[0m
  WARNING: Calling an account which is not a contract
  From:                0xf39fd6e51aad88f6f4ce6ab8827279cfffb92266
  To:                  0x322813fd9a801c5507c9de605d63cea4f2ce6c44

[32meth_call[0m
  WARNING: Calling an account which is not a contract
  From:                0xf39fd6e51aad88f6f4ce6ab8827279cfffb92266
  To:                  0x322813fd9a801c5507c9de605d63cea4f2ce6c44

[32meth_call[0m
  WARNING: Calling an account which is not a contract
  From:                0xf39fd6e51aad88f6f4ce6ab8827279cfffb92266
  To:                  0x322813fd9a801c5507c9de605d63cea4f2ce6c44

[32meth_call[0m
  WARNING: Calling an account which is not a contract
  From:                0xf39fd6e51aad88f6f4ce6ab8827279cfffb92266
  To:                  0x322813fd9a801c5507c9de605d63cea4f2ce6c44

[32meth_call[0m
  WARNING: Calling an account which is not a contract
  From:                0xf39fd6e51aad88f6f4ce6ab8827279cfffb92266
  To:                  0x322813fd9a801c5507c9de605d63cea4f2ce6c44

[32meth_call[0m
  WARNING: Calling an account which is not a contract
  From:                0xf39fd6e51aad88f6f4ce6ab8827279cfffb92266
  To:                  0x322813fd9a801c5507c9de605d63cea4f2ce6c44

[32meth_call[0m
  WARNING: Calling an account which is not a contract
  From:                0xf39fd6e51aad88f6f4ce6ab8827279cfffb92266
  To:                  0xa85233c63b9ee964add6f2cffe00fd84eb32338f

[32meth_call[0m
  WARNING: Calling an account which is not a contract
  From:                0xf39fd6e51aad88f6f4ce6ab8827279cfffb92266
  To:                  0xa85233c63b9ee964add6f2cffe00fd84eb32338f

[32meth_call[0m
  WARNING: Calling an account which is not a contract
  From:                0xf39fd6e51aad88f6f4ce6ab8827279cfffb92266
  To:                  0xa85233c63b9ee964add6f2cffe00fd84eb32338f

